[05:35:33] [WARN] Crucible entry for Oak Sapling with meta 0 already exists, skipping.
[05:35:33] [WARN] Crucible entry for Spruce Sapling with meta 1 already exists, skipping.
[05:35:33] [WARN] Crucible entry for Birch Sapling with meta 2 already exists, skipping.
[05:35:33] [WARN] Crucible entry for Jungle Sapling with meta 3 already exists, skipping.
[05:35:33] [WARN] Crucible entry for Acacia Sapling with meta 4 already exists, skipping.
[05:35:33] [WARN] Crucible entry for Dark Oak Sapling with meta 5 already exists, skipping.
[05:35:47] [INFO] ModConfig Loaded: true
[05:35:47] [INFO] JEI: Compost Recipe Pages Loaded:         2
[05:35:47] [INFO] JEI: Fluid Item Transform Recipes Loaded:       24
[05:35:47] [INFO] JEI: Fluid On Top Recipes Loaded:       2
[05:35:47] [INFO] JEI: Fluid Transform Recipes Loaded:    1
[05:35:47] [INFO] JEI: Hammer Recipes Loaded:             42
[05:35:47] [INFO] JEI: Crook Recipes Loaded:              1
[05:35:47] [INFO] JEI: Heat Sources Loaded:             69
[05:35:47] [INFO] JEI: Sieve Recipes Loaded:              56
[05:35:47] [INFO] JEI: Stone Crucible Recipes Loaded:       1
[05:35:47] [INFO] JEI: Wood Crucible Recipes Loaded:        1
[05:35:47] [INFO] Registered Crook Catalyst: enderio:item_dark_steel_crook
[05:35:47] [INFO] Registered Hammer Catalyst: exnihilocreatio:hammer_wood
[05:35:47] [INFO] Registered Hammer Catalyst: exnihilocreatio:hammer_stone
[05:35:47] [INFO] Registered Hammer Catalyst: exnihilocreatio:hammer_iron
[05:35:47] [INFO] Registered Hammer Catalyst: exnihilocreatio:hammer_diamond
[05:35:47] [INFO] Registered Hammer Catalyst: exnihilocreatio:hammer_gold
[05:35:47] [INFO] Registered Crook Catalyst: exnihilocreatio:crook_wood
[05:35:47] [INFO] Registered Crook Catalyst: exnihilocreatio:crook_stone
[05:35:47] [INFO] Registered Crook Catalyst: exnihilocreatio:crook_andesite
[05:35:47] [INFO] Registered Crook Catalyst: exnihilocreatio:crook_granite
[05:35:47] [INFO] Registered Crook Catalyst: exnihilocreatio:crook_diorite
[05:35:47] [INFO] Registered Crook Catalyst: exnihilocreatio:crook_gold
[05:35:47] [INFO] Registered Crook Catalyst: exnihilocreatio:crook_iron
[05:35:47] [INFO] Registered Crook Catalyst: exnihilocreatio:crook_diamond
[05:35:47] [INFO] Registered Crook Catalyst: exnihilocreatio:crook_bone
[05:35:47] [INFO] Registered Crook Catalyst: exnihilocreatio:crook_clay_uncooked
[05:35:47] [INFO] Registered Crook Catalyst: exnihilocreatio:crook_clay
[05:35:47] [INFO] Registered Crook Catalyst: exnihilocreatio:crook_prismarine
[05:35:47] [INFO] Registered Crook Catalyst: exnihilocreatio:crook_netherrack
[05:35:47] [INFO] Registered Crook Catalyst: exnihilocreatio:crook_purpur
[05:35:47] [INFO] Registered Crook Catalyst: exnihilocreatio:crook_blaze
[05:35:47] [INFO] Registered Crook Catalyst: exnihilocreatio:crook_tconstruct
[05:35:47] [INFO] Registered Hammer Catalyst: tcomplement:sledge_hammer
