[06:36:51] [WARN] Crucible entry for Oak Sapling with meta 0 already exists, skipping.
[06:36:51] [WARN] Crucible entry for Spruce Sapling with meta 1 already exists, skipping.
[06:36:51] [WARN] Crucible entry for Birch Sapling with meta 2 already exists, skipping.
[06:36:51] [WARN] Crucible entry for Jungle Sapling with meta 3 already exists, skipping.
[06:36:51] [WARN] Crucible entry for Acacia Sapling with meta 4 already exists, skipping.
[06:36:51] [WARN] Crucible entry for Dark Oak Sapling with meta 5 already exists, skipping.
[06:37:04] [INFO] ModConfig Loaded: true
[06:37:04] [INFO] JEI: Compost Recipe Pages Loaded:         2
[06:37:04] [INFO] JEI: Fluid Item Transform Recipes Loaded:       24
[06:37:04] [INFO] JEI: Fluid On Top Recipes Loaded:       2
[06:37:04] [INFO] JEI: Fluid Transform Recipes Loaded:    1
[06:37:04] [INFO] JEI: Hammer Recipes Loaded:             42
[06:37:04] [INFO] JEI: Crook Recipes Loaded:              1
[06:37:04] [INFO] JEI: Heat Sources Loaded:             69
[06:37:04] [INFO] JEI: Sieve Recipes Loaded:              56
[06:37:04] [INFO] JEI: Stone Crucible Recipes Loaded:       1
[06:37:04] [INFO] JEI: Wood Crucible Recipes Loaded:        1
[06:37:04] [INFO] Registered Crook Catalyst: enderio:item_dark_steel_crook
[06:37:04] [INFO] Registered Hammer Catalyst: exnihilocreatio:hammer_wood
[06:37:04] [INFO] Registered Hammer Catalyst: exnihilocreatio:hammer_stone
[06:37:04] [INFO] Registered Hammer Catalyst: exnihilocreatio:hammer_iron
[06:37:04] [INFO] Registered Hammer Catalyst: exnihilocreatio:hammer_diamond
[06:37:04] [INFO] Registered Hammer Catalyst: exnihilocreatio:hammer_gold
[06:37:04] [INFO] Registered Crook Catalyst: exnihilocreatio:crook_wood
[06:37:04] [INFO] Registered Crook Catalyst: exnihilocreatio:crook_stone
[06:37:04] [INFO] Registered Crook Catalyst: exnihilocreatio:crook_andesite
[06:37:04] [INFO] Registered Crook Catalyst: exnihilocreatio:crook_granite
[06:37:04] [INFO] Registered Crook Catalyst: exnihilocreatio:crook_diorite
[06:37:04] [INFO] Registered Crook Catalyst: exnihilocreatio:crook_gold
[06:37:04] [INFO] Registered Crook Catalyst: exnihilocreatio:crook_iron
[06:37:04] [INFO] Registered Crook Catalyst: exnihilocreatio:crook_diamond
[06:37:04] [INFO] Registered Crook Catalyst: exnihilocreatio:crook_bone
[06:37:04] [INFO] Registered Crook Catalyst: exnihilocreatio:crook_clay_uncooked
[06:37:04] [INFO] Registered Crook Catalyst: exnihilocreatio:crook_clay
[06:37:04] [INFO] Registered Crook Catalyst: exnihilocreatio:crook_prismarine
[06:37:04] [INFO] Registered Crook Catalyst: exnihilocreatio:crook_netherrack
[06:37:04] [INFO] Registered Crook Catalyst: exnihilocreatio:crook_purpur
[06:37:04] [INFO] Registered Crook Catalyst: exnihilocreatio:crook_blaze
[06:37:04] [INFO] Registered Crook Catalyst: exnihilocreatio:crook_tconstruct
[06:37:04] [INFO] Registered Hammer Catalyst: tcomplement:sledge_hammer
